Arguments: 
  /home/crisnil/.nvm/versions/node/v17.7.1/bin/node /mnt/c/Users/user/AppData/Roaming/npm/node_modules/yarn/bin/yarn.js add antd

PATH: 
  /home/crisnil/.nvm/versions/node/v17.7.1/bin:/usr/local/sbin:/usr/local/bin:/usr/sbin:/usr/bin:/sbin:/bin:/usr/games:/usr/local/games:/mnt/c/Program Files/WindowsApps/CanonicalGroupLimited.UbuntuonWindows_2004.2022.1.0_x64__79rhkp1fndgsc:/mnt/c/Program Files (x86)/Common Files/Oracle/Java/javapath:/mnt/c/WINDOWS/system32:/mnt/c/WINDOWS:/mnt/c/WINDOWS/System32/Wbem:/mnt/c/WINDOWS/System32/WindowsPowerShell/v1.0/:/mnt/c/WINDOWS/System32/OpenSSH/:/mnt/c/Program Files/nodejs/:/mnt/c/Program Files/Git/cmd:/mnt/c/Program Files/PuTTY/:/mnt/c/Users/user/AppData/Local/Microsoft/WindowsApps:/mnt/c/Users/user/AppData/Roaming/npm:/mnt/c/Users/user/AppData/Local/Programs/Microsoft VS Code/bin:/snap/bin

Yarn version: 
  1.22.17

Node version: 
  17.7.1

Platform: 
  linux x64

Trace: 
  Error: https://registry.yarnpkg.com/antd/-/antd-4.19.3.tgz: ESOCKETTIMEDOUT
      at ClientRequest.<anonymous> (/mnt/c/Users/user/AppData/Roaming/npm/node_modules/yarn/lib/cli.js:141510:19)
      at Object.onceWrapper (node:events:641:28)
      at ClientRequest.emit (node:events:527:28)
      at TLSSocket.emitRequestTimeout (node:_http_client:758:9)
      at Object.onceWrapper (node:events:641:28)
      at TLSSocket.emit (node:events:539:35)
      at TLSSocket.Socket._onTimeout (node:net:516:8)
      at listOnTimeout (node:internal/timers:559:17)
      at processTimers (node:internal/timers:502:7)

npm manifest: 
  {
    "name": "novari-ui-components",
    "version": "1.0.0",
    "description": "Common Novari UI for Hub and STF",
    "main": "build/index.js",
    "repository": "https://github.com/flexisourceitph/novari-ui-components.git",
    "author": "Crisnil <cacuyado@gmail.com>",
    "license": "MIT"
  }

yarn manifest: 
  No manifest

Lockfile: 
  No lockfile
